<?xml version="1.0" encoding="UTF-8"?>
<!-- Generated by org.testng.reporters.JUnitReportReporter -->
<testsuite hostname="DESKTOP-2F85SA4" failures="0" tests="1" name="ToNinja.Lesson177_Advanced_Reporting_Introduction_And_Features.SeleniumLoginTest" time="14.849" errors="0" timestamp="2019-06-15T15:38:00 EEST" skipped="0">
  <testcase classname="ToNinja.Lesson177_Advanced_Reporting_Introduction_And_Features.SeleniumLoginTest" name="test1_validLoginTest" time="14.849"/>
</testsuite> <!-- ToNinja.Lesson177_Advanced_Reporting_Introduction_And_Features.SeleniumLoginTest -->
